2023-05-11 09:22:25.925 [info] Extension host with pid 1074 started
2023-05-11 09:22:25.937 [error] Error: EEXIST: file already exists, open '/home/rie/.vscode-server/data/User/workspaceStorage/e63111a5145f32852d62b48bc2e0a402/vscode.lock'
2023-05-11 09:22:25.973 [info] Lock '/home/rie/.vscode-server/data/User/workspaceStorage/e63111a5145f32852d62b48bc2e0a402/vscode.lock': Could not acquire lock, checking if the file is stale.
2023-05-11 09:22:26.017 [info] Lock '/home/rie/.vscode-server/data/User/workspaceStorage/e63111a5145f32852d62b48bc2e0a402/vscode.lock': The pid 2161 appears to be gone.
2023-05-11 09:22:26.018 [info] Lock '/home/rie/.vscode-server/data/User/workspaceStorage/e63111a5145f32852d62b48bc2e0a402/vscode.lock': Deleting a stale lock.
2023-05-11 09:22:26.195 [info] ExtensionService#_doActivateExtension vscode.emmet, startup: false, activationEvent: 'onLanguage'
2023-05-11 09:22:26.201 [info] ExtensionService#_doActivateExtension ms-python.python, startup: false, activationEvent: 'onLanguage:python'
2023-05-11 09:22:26.204 [info] ExtensionService#_doActivateExtension vscode.git-base, startup: false, activationEvent: '*', root cause: vscode.git
2023-05-11 09:22:27.398 [info] Lock '/home/rie/.vscode-server/data/User/workspaceStorage/e63111a5145f32852d62b48bc2e0a402/vscode.lock': Lock acquired.
2023-05-11 09:22:27.861 [info] ExtensionService#_doActivateExtension vscode.git, startup: false, activationEvent: '*'
2023-05-11 09:22:27.862 [info] ExtensionService#_doActivateExtension vscode.github, startup: false, activationEvent: '*'
2023-05-11 09:22:28.461 [info] Eager extensions activated
2023-05-11 09:22:28.463 [info] ExtensionService#_doActivateExtension vscode.debug-auto-launch, startup: false, activationEvent: 'onStartupFinished'
2023-05-11 09:22:28.464 [info] ExtensionService#_doActivateExtension vscode.merge-conflict, startup: false, activationEvent: 'onStartupFinished'
2023-05-11 09:22:28.838 [info] ExtensionService#_doActivateExtension ms-python.vscode-pylance, startup: false, activationEvent: 'onLanguage:python'
2023-05-11 10:22:14.747 [info] ExtensionService#_doActivateExtension vscode.npm, startup: false, activationEvent: 'onTerminalQuickFixRequest:ms-vscode.npm-command'
2023-05-11 14:09:27.858 [warning] [Decorations] CAPPING events from decorations provider vscode.git 10000
2023-05-11 14:09:32.656 [warning] [Decorations] CAPPING events from decorations provider vscode.git 10000
2023-05-11 14:11:01.191 [warning] [Decorations] CAPPING events from decorations provider vscode.git 10000
2023-05-11 14:11:05.892 [warning] [Decorations] CAPPING events from decorations provider vscode.git 10000
