2023-05-11 09:11:58.249 [info] [Info  - 09:11:58] (2251) Pylance language server 2023.5.20 (pyright 009aef31) starting
2023-05-11 09:11:58.250 [info] [Info  - 09:11:58] (2251) Server root directory: /home/rie/.vscode-server/extensions/ms-python.vscode-pylance-2023.5.20/dist
2023-05-11 09:11:58.251 [info] [Info  - 09:11:58] (2251) Starting service instance "rie"
2023-05-11 09:11:58.416 [info] [Info  - 09:11:58] (2251) Setting pythonPath for service "rie": "/bin/python3"
2023-05-11 09:11:58.435 [info] [Warn  - 09:11:58] (2251) stubPath /home/rie/typings is not a valid directory.
2023-05-11 09:11:58.533 [info] [Info  - 09:11:58] (2251) Assuming Python version 3.9
2023-05-11 09:11:58.814 [info] [Info  - 09:11:58] (2251) Found 1 source file
2023-05-11 09:11:59.756 [info] [Info  - 09:11:59] (2251) Background analysis(1) root directory: /home/rie/.vscode-server/extensions/ms-python.vscode-pylance-2023.5.20/dist
2023-05-11 09:11:59.767 [info] [Info  - 09:11:59] (2251) Background analysis(1) started
2023-05-11 09:12:00.405 [info] [Info  - 09:12:00] (2251) Indexer background runner(2) root directory: /home/rie/.vscode-server/extensions/ms-python.vscode-pylance-2023.5.20/dist (index)
2023-05-11 09:12:00.406 [info] [Info  - 09:12:00] (2251) Indexing(2) started
2023-05-11 09:12:02.152 [info] [Info  - 09:12:02] (2251) scanned(2) 30 files over 1 exec env
2023-05-11 09:12:05.873 [info] [Info  - 09:12:05] (2251) [IDX(2)] Long operation: binding: /usr/lib/python3/dist-packages/numpy/core/__init__.py (2191ms)
2023-05-11 09:12:06.322 [info] [Info  - 09:12:06] (2251) [IDX(2)] Long operation: binding: /usr/lib/python3/dist-packages/numpy/__init__.py (2756ms)
2023-05-11 09:12:06.499 [info] [Info  - 09:12:06] (2251) [IDX(2)] Long operation: index execution environment /home/rie (4158ms)
2023-05-11 09:12:06.515 [info] [Info  - 09:12:06] (2251) [IDX(2)] Long operation: index packages /home/rie (4187ms)
2023-05-11 09:12:06.517 [info] [Info  - 09:12:06] (2251) indexed(2) 10 files over 1 exec env
2023-05-11 09:12:06.527 [info] [Info  - 09:12:06] (2251) Indexing finished(2).
2023-05-11 09:20:43.572 [info] [Info  - 09:20:43] (2251) Indexer background runner(3) root directory: /home/rie/.vscode-server/extensions/ms-python.vscode-pylance-2023.5.20/dist (refresh)
2023-05-11 09:20:43.574 [info] [Info  - 09:20:43] (2251) Indexing(3) started
2023-05-11 09:20:45.051 [info] [Info  - 09:20:45] (2251) scanned(3) 31 files over 1 exec env
2023-05-11 09:20:47.598 [info] [Info  - 09:20:47] (2251) [IDX(3)] Long operation: index execution environment /home/rie (2329ms)
2023-05-11 09:20:47.599 [info] [Info  - 09:20:47] (2251) [IDX(3)] Long operation: index packages /home/rie (2348ms)
2023-05-11 09:20:47.599 [info] [Info  - 09:20:47] (2251) indexed(3) 10 files over 1 exec env
2023-05-11 09:20:47.610 [info] [Info  - 09:20:47] (2251) Indexing finished(3).
