2023-05-12 08:33:47.222 [info] Experiment 'pythonPromptNewFormatterExt' is active
2023-05-12 08:33:47.222 [info] Experiment 'pythonPromptNewToolsExt' is active
2023-05-12 08:33:47.222 [info] Test server listening.
2023-05-12 08:33:47.222 [info] Python interpreter path: /usr/bin/python3
2023-05-12 08:33:47.739 [warning] Retry failed, storage update failed for key PYTHON_WORKSPACE_STORAGE_KEYS
2023-05-12 08:33:47.739 [warning] Retry failed, storage update failed for key PYTHON_WORKSPACE_STORAGE_KEYS
2023-05-12 08:33:47.739 [warning] Retry failed, storage update failed for key PYTHON_WORKSPACE_STORAGE_KEYS
2023-05-12 08:33:49.824 [info] Starting Pylance language server.
2023-05-12 08:40:58.838 [info] Python interpreter path: /bin/python3
2023-05-12 08:50:43.501 [info] Send text to terminal: /bin/python3 /home/rie/sensehat/BinaryClock.py
2023-05-12 08:57:35.072 [info] Send text to terminal: /bin/python3 /home/rie/sensehat/BinaryClock.py
2023-05-12 09:02:56.154 [info] Send text to terminal: /bin/python3 /home/rie/sensehat/BinaryClock.py
2023-05-12 09:07:13.421 [info] Send text to terminal: /bin/python3 /home/rie/sensehat/BinaryClock.py
2023-05-12 09:09:46.352 [info] Send text to terminal: /bin/python3 /home/rie/sensehat/BinaryClock.py
2023-05-12 09:13:17.746 [info] Send text to terminal: /bin/python3 /home/rie/sensehat/BinaryClock.py
2023-05-12 09:14:23.073 [info] Send text to terminal: /bin/python3 /home/rie/sensehat/BinaryClock.py
2023-05-12 09:25:09.077 [info] Send text to terminal: /bin/python3 /home/rie/sensehat/BinaryClock.py
2023-05-12 09:31:44.886 [info] Send text to terminal: /bin/python3 /home/rie/sensehat/BinaryClock.py
2023-05-12 09:32:47.104 [info] Send text to terminal: /bin/python3 /home/rie/sensehat/BinaryClock.py
2023-05-12 09:34:26.748 [info] Send text to terminal: /bin/python3 /home/rie/sensehat/BinaryClock.py
2023-05-12 09:36:28.378 [info] Send text to terminal: /bin/python3 /home/rie/sensehat/BinaryClock.py
2023-05-12 09:38:53.951 [info] Send text to terminal: /bin/python3 /home/rie/sensehat/BinaryClock.py
2023-05-12 09:39:42.785 [info] Send text to terminal: /bin/python3 /home/rie/sensehat/BinaryClock.py
2023-05-12 09:40:44.491 [info] Send text to terminal: /bin/python3 /home/rie/sensehat/BinaryClock.py
2023-05-12 09:40:48.263 [info] Send text to terminal: /bin/python3 /home/rie/sensehat/BinaryClock.py
2023-05-12 09:40:48.483 [info] Send text to terminal: /bin/python3 /home/rie/sensehat/BinaryClock.py
2023-05-12 09:40:49.471 [info] Send text to terminal: /bin/python3 /home/rie/sensehat/BinaryClock.py
2023-05-12 09:41:36.275 [info] Send text to terminal: /bin/python3 /home/rie/sensehat/BinaryClock.py
2023-05-12 09:44:10.711 [info] Send text to terminal: /bin/python3 /home/rie/sensehat/BinaryClock.py
2023-05-12 09:44:45.956 [info] Send text to terminal: /bin/python3 /home/rie/sensehat/BinaryClock.py
2023-05-12 09:45:44.375 [info] Send text to terminal: /bin/python3 /home/rie/sensehat/BinaryClock.py
2023-05-12 09:52:32.453 [info] Send text to terminal: /bin/python3 /home/rie/sensehat/BinaryClock.py
2023-05-12 09:57:17.026 [info] Send text to terminal: /bin/python3 /home/rie/sensehat/BinaryClock.py
2023-05-12 09:57:49.045 [info] Send text to terminal: /bin/python3 /home/rie/sensehat/BinaryClock.py
2023-05-12 09:59:49.300 [info] Send text to terminal: /bin/python3 /home/rie/sensehat/BinaryClock.py
2023-05-12 10:24:12.400 [info] Send text to terminal: /bin/python3 /home/rie/sensehat/BinaryClock.py
2023-05-12 10:26:59.996 [info] Send text to terminal: /bin/python3 /home/rie/sensehat/BinaryClock.py
2023-05-12 10:27:42.896 [info] Send text to terminal: /bin/python3 /home/rie/sensehat/BinaryClock.py
2023-05-12 10:50:19.399 [info] Send text to terminal: /bin/python3 /home/rie/sensehat/BinaryClock.py
2023-05-12 11:00:53.739 [info] Send text to terminal: /bin/python3 /home/rie/sensehat/BinaryClock.py
2023-05-12 11:04:03.377 [info] Send text to terminal: /bin/python3 /home/rie/sensehat/BinaryClock.py
2023-05-12 11:05:56.695 [info] Send text to terminal: /bin/python3 /home/rie/sensehat/BinaryClock.py
2023-05-12 11:07:47.494 [info] Send text to terminal: /bin/python3 /home/rie/sensehat/BinaryClock.py
2023-05-12 11:09:09.253 [info] Send text to terminal: /bin/python3 /home/rie/sensehat/BinaryClock.py
2023-05-12 11:09:37.790 [info] Send text to terminal: /bin/python3 /home/rie/sensehat/BinaryClock.py
2023-05-12 11:10:46.661 [info] Send text to terminal: /bin/python3 /home/rie/sensehat/BinaryClock.py
2023-05-12 11:11:18.383 [info] Send text to terminal: /bin/python3 /home/rie/sensehat/BinaryClock.py
2023-05-12 11:11:45.401 [info] Send text to terminal: /bin/python3 /home/rie/sensehat/BinaryClock.py
2023-05-12 11:12:41.001 [info] Send text to terminal: /bin/python3 /home/rie/sensehat/BinaryClock.py
2023-05-12 11:13:08.783 [info] Send text to terminal: /bin/python3 /home/rie/sensehat/BinaryClock.py
2023-05-12 11:13:35.513 [info] Send text to terminal: /bin/python3 /home/rie/sensehat/BinaryClock.py
2023-05-12 11:14:42.164 [info] Send text to terminal: /bin/python3 /home/rie/sensehat/BinaryClock.py
2023-05-12 11:17:36.188 [info] Send text to terminal: /bin/python3 /home/rie/sensehat/BinaryClock.py
2023-05-12 11:20:12.031 [info] Send text to terminal: /bin/python3 /home/rie/sensehat/BinaryClock.py
2023-05-12 11:46:32.022 [info] Send text to terminal: /bin/python3 /home/rie/sensehat/BinaryClock.py
2023-05-12 11:47:13.821 [info] Send text to terminal: /bin/python3 /home/rie/sensehat/BinaryClock.py
