*
* Visual Studio Code Server
*
* By using the software, you agree to
* the Visual Studio Code Server License Terms (https://aka.ms/vscode-server-license) and
* the Microsoft Privacy Statement (https://privacy.microsoft.com/en-US/privacystatement).
*
Server bound to 127.0.0.1:46011 (IPv4)
Extension host agent listening on 46011

[10:26:05] 




[10:26:05] Extension host agent started.
[10:26:05] [127.0.0.1][2ffcf5e5][ManagementConnection] New connection established.
[10:26:05] [127.0.0.1][4fce577f][ExtensionHostConnection] New connection established.
[10:26:05] [/home/rie/.vscode-server/extensions/ms-python.python-2023.8.0]: Extension is not compatible with Code 1.76.2. Extension requires: ^1.78.0-20230421.
[10:26:05] [/home/rie/.vscode-server/extensions/ms-python.python-2023.8.0]: Extension is not compatible with Code 1.76.2. Extension requires: ^1.78.0-20230421.
[10:26:05] [127.0.0.1][4fce577f][ExtensionHostConnection] <1055> Launched Extension Host Process.
[10:26:06] [/home/rie/.vscode-server/extensions/ms-python.python-2023.8.0]: Extension is not compatible with Code 1.76.2. Extension requires: ^1.78.0-20230421.
[10:26:06] [/home/rie/.vscode-server/extensions/ms-python.python-2023.8.0]: Extension is not compatible with Code 1.76.2. Extension requires: ^1.78.0-20230421.
[10:26:06] [/home/rie/.vscode-server/extensions/ms-python.python-2023.8.0]: Extension is not compatible with Code 1.76.2. Extension requires: ^1.78.0-20230421.
[10:26:06] [/home/rie/.vscode-server/extensions/ms-python.python-2023.8.0]: Extension is not compatible with Code 1.76.2. Extension requires: ^1.78.0-20230421.
[10:26:07] [/home/rie/.vscode-server/extensions/ms-python.python-2023.8.0]: Extension is not compatible with Code 1.76.2. Extension requires: ^1.78.0-20230421.
[10:26:07] [/home/rie/.vscode-server/extensions/ms-python.python-2023.8.0]: Extension is not compatible with Code 1.76.2. Extension requires: ^1.78.0-20230421.
[10:26:07] [/home/rie/.vscode-server/extensions/ms-python.python-2023.8.0]: Extension is not compatible with Code 1.76.2. Extension requires: ^1.78.0-20230421.
[10:26:07] [/home/rie/.vscode-server/extensions/ms-python.python-2023.8.0]: Extension is not compatible with Code 1.76.2. Extension requires: ^1.78.0-20230421.
[IPC Library: Pty Host]  WARN Shell integration cannot be enabled for executable "/bin/sh" and args [
  '-c',
  'wget --version > /dev/null\n' +
    'if [ $? -eq 0 ]\n' +
    'then\n' +
    "\twget --connect-timeout=7 --tries=1 --dns-timeout=7 -q --header='Metadata:true' -O - http://169.254.169.254/metadata/instance?api-version=2019-03-11\n" +
    'else\n' +
    '\tcurl --version > /dev/null\n' +
    '\tif [ $? -eq 0 ]\n' +
    '\tthen\n' +
    "\t\tcurl --connect-timeout 7 -s --header='Metadata:true' http://169.254.169.254/metadata/instance?api-version=2019-03-11\n" +
    '\tfi\n' +
    'fi\n' +
    'exit 0'
]
[IPC Library: Pty Host]  WARN Shell integration cannot be enabled for executable "/bin/sh" and args [
  '-c',
  'wget --version > /dev/null\n' +
    'if [ $? -eq 0 ]\n' +
    'then\n' +
    '\twget --connect-timeout=7 --tries=1 --dns-timeout=7 -q  -O - http://169.254.169.254/latest/meta-data/instance-id\n' +
    'else\n' +
    '\tcurl --version > /dev/null\n' +
    '\tif [ $? -eq 0 ]\n' +
    '\tthen\n' +
    '\t\tcurl --connect-timeout 7 -s  http://169.254.169.254/latest/meta-data/instance-id\n' +
    '\tfi\n' +
    'fi\n' +
    'exit 0'
]
[IPC Library: Pty Host]  WARN Shell integration cannot be enabled for executable "/bin/sh" and args [
  '-c',
  'wget --version > /dev/null\n' +
    'if [ $? -eq 0 ]\n' +
    'then\n' +
    '\twget --connect-timeout=7 --tries=1 --dns-timeout=7 -q  -O - http://169.254.169.254/metadata/v1/id\n' +
    'else\n' +
    '\tcurl --version > /dev/null\n' +
    '\tif [ $? -eq 0 ]\n' +
    '\tthen\n' +
    '\t\tcurl --connect-timeout 7 -s  http://169.254.169.254/metadata/v1/id\n' +
    '\tfi\n' +
    'fi\n' +
    'exit 0'
]
[IPC Library: Pty Host]  WARN Shell integration cannot be enabled for executable "/bin/sh" and args [
  '-c',
  'wget --version > /dev/null\n' +
    'if [ $? -eq 0 ]\n' +
    'then\n' +
    "\twget --connect-timeout=7 --tries=1 --dns-timeout=7 -q --header='Metadata-Flavor:Google' -O - http://metadata.google.internal/computeMetadata/v1/instance/id\n" +
    'else\n' +
    '\tcurl --version > /dev/null\n' +
    '\tif [ $? -eq 0 ]\n' +
    '\tthen\n' +
    "\t\tcurl --connect-timeout 7 -s --header='Metadata-Flavor:Google' http://metadata.google.internal/computeMetadata/v1/instance/id\n" +
    '\tfi\n' +
    'fi\n' +
    'exit 0'
]
[10:26:08] [/home/rie/.vscode-server/extensions/ms-python.python-2023.8.0]: Extension is not compatible with Code 1.76.2. Extension requires: ^1.78.0-20230421.
New EH opened, aborting shutdown
[10:31:05] New EH opened, aborting shutdown
[10:31:07] [/home/rie/.vscode-server/extensions/ms-python.python-2023.8.0]: Extension is not compatible with Code 1.76.2. Extension requires: ^1.78.0-20230421.
[10:36:07] [/home/rie/.vscode-server/extensions/ms-python.python-2023.8.0]: Extension is not compatible with Code 1.76.2. Extension requires: ^1.78.0-20230421.
[10:41:07] [/home/rie/.vscode-server/extensions/ms-python.python-2023.8.0]: Extension is not compatible with Code 1.76.2. Extension requires: ^1.78.0-20230421.
[10:46:08] [/home/rie/.vscode-server/extensions/ms-python.python-2023.8.0]: Extension is not compatible with Code 1.76.2. Extension requires: ^1.78.0-20230421.
[10:51:08] [/home/rie/.vscode-server/extensions/ms-python.python-2023.8.0]: Extension is not compatible with Code 1.76.2. Extension requires: ^1.78.0-20230421.
[10:56:08] [/home/rie/.vscode-server/extensions/ms-python.python-2023.8.0]: Extension is not compatible with Code 1.76.2. Extension requires: ^1.78.0-20230421.
[11:01:08] [/home/rie/.vscode-server/extensions/ms-python.python-2023.8.0]: Extension is not compatible with Code 1.76.2. Extension requires: ^1.78.0-20230421.
[11:06:08] [/home/rie/.vscode-server/extensions/ms-python.python-2023.8.0]: Extension is not compatible with Code 1.76.2. Extension requires: ^1.78.0-20230421.
[11:11:08] [/home/rie/.vscode-server/extensions/ms-python.python-2023.8.0]: Extension is not compatible with Code 1.76.2. Extension requires: ^1.78.0-20230421.
[11:16:09] [/home/rie/.vscode-server/extensions/ms-python.python-2023.8.0]: Extension is not compatible with Code 1.76.2. Extension requires: ^1.78.0-20230421.
[11:19:32] [127.0.0.1][2ffcf5e5][ManagementConnection] The client has disconnected gracefully, so the connection will be disposed.
[11:19:33] [127.0.0.1][4fce577f][ExtensionHostConnection] <1055> Extension Host Process exited with code: 0, signal: null.
Last EH closed, waiting before shutting down
[11:19:33] Last EH closed, waiting before shutting down
Got delay-shutdown request while in shutdown timeout, delaying
[11:19:42] Got delay-shutdown request while in shutdown timeout, delaying
Cancelling previous shutdown timeout
[11:19:42] Cancelling previous shutdown timeout
[11:19:42] [127.0.0.1][26601f7d][ManagementConnection] New connection established.
[11:19:42] [127.0.0.1][fbd40593][ExtensionHostConnection] New connection established.
[11:19:42] [127.0.0.1][fbd40593][ExtensionHostConnection] <1210> Launched Extension Host Process.
[11:19:43] [/home/rie/.vscode-server/extensions/ms-python.python-2023.8.0]: Extension is not compatible with Code 1.76.2. Extension requires: ^1.78.0-20230421.
[11:19:43] [/home/rie/.vscode-server/extensions/ms-python.python-2023.8.0]: Extension is not compatible with Code 1.76.2. Extension requires: ^1.78.0-20230421.
[11:19:43] [/home/rie/.vscode-server/extensions/ms-python.python-2023.8.0]: Extension is not compatible with Code 1.76.2. Extension requires: ^1.78.0-20230421.
[11:19:44] [/home/rie/.vscode-server/extensions/ms-python.python-2023.8.0]: Extension is not compatible with Code 1.76.2. Extension requires: ^1.78.0-20230421.
[11:19:44] [/home/rie/.vscode-server/extensions/ms-python.python-2023.8.0]: Extension is not compatible with Code 1.76.2. Extension requires: ^1.78.0-20230421.
[11:19:44] [/home/rie/.vscode-server/extensions/ms-python.python-2023.8.0]: Extension is not compatible with Code 1.76.2. Extension requires: ^1.78.0-20230421.
[11:19:44] [/home/rie/.vscode-server/extensions/ms-python.python-2023.8.0]: Extension is not compatible with Code 1.76.2. Extension requires: ^1.78.0-20230421.
[IPC Library: Pty Host]  WARN Shell integration cannot be enabled for executable "/bin/sh" and args [
  '-c',
  'wget --version > /dev/null\n' +
    'if [ $? -eq 0 ]\n' +
    'then\n' +
    "\twget --connect-timeout=7 --tries=1 --dns-timeout=7 -q --header='Metadata:true' -O - http://169.254.169.254/metadata/instance?api-version=2019-03-11\n" +
    'else\n' +
    '\tcurl --version > /dev/null\n' +
    '\tif [ $? -eq 0 ]\n' +
    '\tthen\n' +
    "\t\tcurl --connect-timeout 7 -s --header='Metadata:true' http://169.254.169.254/metadata/instance?api-version=2019-03-11\n" +
    '\tfi\n' +
    'fi\n' +
    'exit 0'
]
[IPC Library: Pty Host]  WARN Shell integration cannot be enabled for executable "/bin/sh" and args [
  '-c',
  'wget --version > /dev/null\n' +
    'if [ $? -eq 0 ]\n' +
    'then\n' +
    '\twget --connect-timeout=7 --tries=1 --dns-timeout=7 -q  -O - http://169.254.169.254/latest/meta-data/instance-id\n' +
    'else\n' +
    '\tcurl --version > /dev/null\n' +
    '\tif [ $? -eq 0 ]\n' +
    '\tthen\n' +
    '\t\tcurl --connect-timeout 7 -s  http://169.254.169.254/latest/meta-data/instance-id\n' +
    '\tfi\n' +
    'fi\n' +
    'exit 0'
]
[IPC Library: Pty Host]  WARN Shell integration cannot be enabled for executable "/bin/sh" and args [
  '-c',
  'wget --version > /dev/null\n' +
    'if [ $? -eq 0 ]\n' +
    'then\n' +
    '\twget --connect-timeout=7 --tries=1 --dns-timeout=7 -q  -O - http://169.254.169.254/metadata/v1/id\n' +
    'else\n' +
    '\tcurl --version > /dev/null\n' +
    '\tif [ $? -eq 0 ]\n' +
    '\tthen\n' +
    '\t\tcurl --connect-timeout 7 -s  http://169.254.169.254/metadata/v1/id\n' +
    '\tfi\n' +
    'fi\n' +
    'exit 0'
]
[IPC Library: Pty Host]  WARN Shell integration cannot be enabled for executable "/bin/sh" and args [
  '-c',
  'wget --version > /dev/null\n' +
    'if [ $? -eq 0 ]\n' +
    'then\n' +
    "\twget --connect-timeout=7 --tries=1 --dns-timeout=7 -q --header='Metadata-Flavor:Google' -O - http://metadata.google.internal/computeMetadata/v1/instance/id\n" +
    'else\n' +
    '\tcurl --version > /dev/null\n' +
    '\tif [ $? -eq 0 ]\n' +
    '\tthen\n' +
    "\t\tcurl --connect-timeout 7 -s --header='Metadata-Flavor:Google' http://metadata.google.internal/computeMetadata/v1/instance/id\n" +
    '\tfi\n' +
    'fi\n' +
    'exit 0'
]
rejected promise not handled within 1 second: CodeExpectedError: Could not find pty on pty host
stack trace: CodeExpectedError: Could not find pty on pty host
    at S.L (/home/rie/.vscode-server/bin/ee2b180d582a7f601fa6ecfdad8d9fd269ab1884/out/vs/platform/terminal/node/ptyHostMain.js:27:6849)
    at S.updateTitle (/home/rie/.vscode-server/bin/ee2b180d582a7f601fa6ecfdad8d9fd269ab1884/out/vs/platform/terminal/node/ptyHostMain.js:27:2630)
    at Object.call (/home/rie/.vscode-server/bin/ee2b180d582a7f601fa6ecfdad8d9fd269ab1884/out/vs/platform/terminal/node/ptyHostMain.js:17:5043)
    at l.s (/home/rie/.vscode-server/bin/ee2b180d582a7f601fa6ecfdad8d9fd269ab1884/out/vs/platform/terminal/node/ptyHostMain.js:15:5412)
    at l.q (/home/rie/.vscode-server/bin/ee2b180d582a7f601fa6ecfdad8d9fd269ab1884/out/vs/platform/terminal/node/ptyHostMain.js:15:4915)
    at /home/rie/.vscode-server/bin/ee2b180d582a7f601fa6ecfdad8d9fd269ab1884/out/vs/platform/terminal/node/ptyHostMain.js:15:4326
    at n.invoke (/home/rie/.vscode-server/bin/ee2b180d582a7f601fa6ecfdad8d9fd269ab1884/out/vs/platform/terminal/node/ptyHostMain.js:11:145)
    at E.deliver (/home/rie/.vscode-server/bin/ee2b180d582a7f601fa6ecfdad8d9fd269ab1884/out/vs/platform/terminal/node/ptyHostMain.js:11:2070)
    at c.fire (/home/rie/.vscode-server/bin/ee2b180d582a7f601fa6ecfdad8d9fd269ab1884/out/vs/platform/terminal/node/ptyHostMain.js:11:1708)
    at process.T (/home/rie/.vscode-server/bin/ee2b180d582a7f601fa6ecfdad8d9fd269ab1884/out/vs/platform/terminal/node/ptyHostMain.js:9:20949)
    at process.emit (node:events:526:28)
    at emit (node:internal/child_process:938:14)
    at processTicksAndRejections (node:internal/process/task_queues:84:21)
[11:19:45] Error [CodeExpectedError]: Could not find pty on pty host
    at S.L (/home/rie/.vscode-server/bin/ee2b180d582a7f601fa6ecfdad8d9fd269ab1884/out/vs/platform/terminal/node/ptyHostMain.js:27:6849)
    at S.updateTitle (/home/rie/.vscode-server/bin/ee2b180d582a7f601fa6ecfdad8d9fd269ab1884/out/vs/platform/terminal/node/ptyHostMain.js:27:2630)
    at Object.call (/home/rie/.vscode-server/bin/ee2b180d582a7f601fa6ecfdad8d9fd269ab1884/out/vs/platform/terminal/node/ptyHostMain.js:17:5043)
    at l.s (/home/rie/.vscode-server/bin/ee2b180d582a7f601fa6ecfdad8d9fd269ab1884/out/vs/platform/terminal/node/ptyHostMain.js:15:5412)
    at l.q (/home/rie/.vscode-server/bin/ee2b180d582a7f601fa6ecfdad8d9fd269ab1884/out/vs/platform/terminal/node/ptyHostMain.js:15:4915)
    at /home/rie/.vscode-server/bin/ee2b180d582a7f601fa6ecfdad8d9fd269ab1884/out/vs/platform/terminal/node/ptyHostMain.js:15:4326
    at n.invoke (/home/rie/.vscode-server/bin/ee2b180d582a7f601fa6ecfdad8d9fd269ab1884/out/vs/platform/terminal/node/ptyHostMain.js:11:145)
    at E.deliver (/home/rie/.vscode-server/bin/ee2b180d582a7f601fa6ecfdad8d9fd269ab1884/out/vs/platform/terminal/node/ptyHostMain.js:11:2070)
    at c.fire (/home/rie/.vscode-server/bin/ee2b180d582a7f601fa6ecfdad8d9fd269ab1884/out/vs/platform/terminal/node/ptyHostMain.js:11:1708)
    at process.T (/home/rie/.vscode-server/bin/ee2b180d582a7f601fa6ecfdad8d9fd269ab1884/out/vs/platform/terminal/node/ptyHostMain.js:9:20949)
    at process.emit (node:events:526:28)
    at emit (node:internal/child_process:938:14)
    at processTicksAndRejections (node:internal/process/task_queues:84:21)
[11:19:45] [/home/rie/.vscode-server/extensions/ms-python.python-2023.8.0]: Extension is not compatible with Code 1.76.2. Extension requires: ^1.78.0-20230421.
[11:19:46] [/home/rie/.vscode-server/extensions/ms-python.python-2023.8.0]: Extension is not compatible with Code 1.76.2. Extension requires: ^1.78.0-20230421.
rejected promise not handled within 1 second: CodeExpectedError: Could not find pty on pty host
stack trace: CodeExpectedError: Could not find pty on pty host
    at S.L (/home/rie/.vscode-server/bin/ee2b180d582a7f601fa6ecfdad8d9fd269ab1884/out/vs/platform/terminal/node/ptyHostMain.js:27:6849)
    at S.updateTitle (/home/rie/.vscode-server/bin/ee2b180d582a7f601fa6ecfdad8d9fd269ab1884/out/vs/platform/terminal/node/ptyHostMain.js:27:2630)
    at Object.call (/home/rie/.vscode-server/bin/ee2b180d582a7f601fa6ecfdad8d9fd269ab1884/out/vs/platform/terminal/node/ptyHostMain.js:17:5043)
    at l.s (/home/rie/.vscode-server/bin/ee2b180d582a7f601fa6ecfdad8d9fd269ab1884/out/vs/platform/terminal/node/ptyHostMain.js:15:5412)
    at l.q (/home/rie/.vscode-server/bin/ee2b180d582a7f601fa6ecfdad8d9fd269ab1884/out/vs/platform/terminal/node/ptyHostMain.js:15:4915)
    at /home/rie/.vscode-server/bin/ee2b180d582a7f601fa6ecfdad8d9fd269ab1884/out/vs/platform/terminal/node/ptyHostMain.js:15:4326
    at n.invoke (/home/rie/.vscode-server/bin/ee2b180d582a7f601fa6ecfdad8d9fd269ab1884/out/vs/platform/terminal/node/ptyHostMain.js:11:145)
    at E.deliver (/home/rie/.vscode-server/bin/ee2b180d582a7f601fa6ecfdad8d9fd269ab1884/out/vs/platform/terminal/node/ptyHostMain.js:11:2070)
    at c.fire (/home/rie/.vscode-server/bin/ee2b180d582a7f601fa6ecfdad8d9fd269ab1884/out/vs/platform/terminal/node/ptyHostMain.js:11:1708)
    at process.T (/home/rie/.vscode-server/bin/ee2b180d582a7f601fa6ecfdad8d9fd269ab1884/out/vs/platform/terminal/node/ptyHostMain.js:9:20949)
    at process.emit (node:events:526:28)
    at emit (node:internal/child_process:938:14)
    at processTicksAndRejections (node:internal/process/task_queues:84:21)
[11:19:47] Error [CodeExpectedError]: Could not find pty on pty host
    at S.L (/home/rie/.vscode-server/bin/ee2b180d582a7f601fa6ecfdad8d9fd269ab1884/out/vs/platform/terminal/node/ptyHostMain.js:27:6849)
    at S.updateTitle (/home/rie/.vscode-server/bin/ee2b180d582a7f601fa6ecfdad8d9fd269ab1884/out/vs/platform/terminal/node/ptyHostMain.js:27:2630)
    at Object.call (/home/rie/.vscode-server/bin/ee2b180d582a7f601fa6ecfdad8d9fd269ab1884/out/vs/platform/terminal/node/ptyHostMain.js:17:5043)
    at l.s (/home/rie/.vscode-server/bin/ee2b180d582a7f601fa6ecfdad8d9fd269ab1884/out/vs/platform/terminal/node/ptyHostMain.js:15:5412)
    at l.q (/home/rie/.vscode-server/bin/ee2b180d582a7f601fa6ecfdad8d9fd269ab1884/out/vs/platform/terminal/node/ptyHostMain.js:15:4915)
    at /home/rie/.vscode-server/bin/ee2b180d582a7f601fa6ecfdad8d9fd269ab1884/out/vs/platform/terminal/node/ptyHostMain.js:15:4326
    at n.invoke (/home/rie/.vscode-server/bin/ee2b180d582a7f601fa6ecfdad8d9fd269ab1884/out/vs/platform/terminal/node/ptyHostMain.js:11:145)
    at E.deliver (/home/rie/.vscode-server/bin/ee2b180d582a7f601fa6ecfdad8d9fd269ab1884/out/vs/platform/terminal/node/ptyHostMain.js:11:2070)
    at c.fire (/home/rie/.vscode-server/bin/ee2b180d582a7f601fa6ecfdad8d9fd269ab1884/out/vs/platform/terminal/node/ptyHostMain.js:11:1708)
    at process.T (/home/rie/.vscode-server/bin/ee2b180d582a7f601fa6ecfdad8d9fd269ab1884/out/vs/platform/terminal/node/ptyHostMain.js:9:20949)
    at process.emit (node:events:526:28)
    at emit (node:internal/child_process:938:14)
    at processTicksAndRejections (node:internal/process/task_queues:84:21)
rejected promise not handled within 1 second: CodeExpectedError: Could not find pty on pty host
stack trace: CodeExpectedError: Could not find pty on pty host
    at S.L (/home/rie/.vscode-server/bin/ee2b180d582a7f601fa6ecfdad8d9fd269ab1884/out/vs/platform/terminal/node/ptyHostMain.js:27:6849)
    at S.updateIcon (/home/rie/.vscode-server/bin/ee2b180d582a7f601fa6ecfdad8d9fd269ab1884/out/vs/platform/terminal/node/ptyHostMain.js:27:2680)
    at Object.call (/home/rie/.vscode-server/bin/ee2b180d582a7f601fa6ecfdad8d9fd269ab1884/out/vs/platform/terminal/node/ptyHostMain.js:17:5043)
    at l.s (/home/rie/.vscode-server/bin/ee2b180d582a7f601fa6ecfdad8d9fd269ab1884/out/vs/platform/terminal/node/ptyHostMain.js:15:5412)
    at l.q (/home/rie/.vscode-server/bin/ee2b180d582a7f601fa6ecfdad8d9fd269ab1884/out/vs/platform/terminal/node/ptyHostMain.js:15:4915)
    at /home/rie/.vscode-server/bin/ee2b180d582a7f601fa6ecfdad8d9fd269ab1884/out/vs/platform/terminal/node/ptyHostMain.js:15:4326
    at n.invoke (/home/rie/.vscode-server/bin/ee2b180d582a7f601fa6ecfdad8d9fd269ab1884/out/vs/platform/terminal/node/ptyHostMain.js:11:145)
    at E.deliver (/home/rie/.vscode-server/bin/ee2b180d582a7f601fa6ecfdad8d9fd269ab1884/out/vs/platform/terminal/node/ptyHostMain.js:11:2070)
    at c.fire (/home/rie/.vscode-server/bin/ee2b180d582a7f601fa6ecfdad8d9fd269ab1884/out/vs/platform/terminal/node/ptyHostMain.js:11:1708)
    at process.T (/home/rie/.vscode-server/bin/ee2b180d582a7f601fa6ecfdad8d9fd269ab1884/out/vs/platform/terminal/node/ptyHostMain.js:9:20949)
    at process.emit (node:events:526:28)
    at emit (node:internal/child_process:938:14)
    at processTicksAndRejections (node:internal/process/task_queues:84:21)
[11:19:47] Error [CodeExpectedError]: Could not find pty on pty host
    at S.L (/home/rie/.vscode-server/bin/ee2b180d582a7f601fa6ecfdad8d9fd269ab1884/out/vs/platform/terminal/node/ptyHostMain.js:27:6849)
    at S.updateIcon (/home/rie/.vscode-server/bin/ee2b180d582a7f601fa6ecfdad8d9fd269ab1884/out/vs/platform/terminal/node/ptyHostMain.js:27:2680)
    at Object.call (/home/rie/.vscode-server/bin/ee2b180d582a7f601fa6ecfdad8d9fd269ab1884/out/vs/platform/terminal/node/ptyHostMain.js:17:5043)
    at l.s (/home/rie/.vscode-server/bin/ee2b180d582a7f601fa6ecfdad8d9fd269ab1884/out/vs/platform/terminal/node/ptyHostMain.js:15:5412)
    at l.q (/home/rie/.vscode-server/bin/ee2b180d582a7f601fa6ecfdad8d9fd269ab1884/out/vs/platform/terminal/node/ptyHostMain.js:15:4915)
    at /home/rie/.vscode-server/bin/ee2b180d582a7f601fa6ecfdad8d9fd269ab1884/out/vs/platform/terminal/node/ptyHostMain.js:15:4326
    at n.invoke (/home/rie/.vscode-server/bin/ee2b180d582a7f601fa6ecfdad8d9fd269ab1884/out/vs/platform/terminal/node/ptyHostMain.js:11:145)
    at E.deliver (/home/rie/.vscode-server/bin/ee2b180d582a7f601fa6ecfdad8d9fd269ab1884/out/vs/platform/terminal/node/ptyHostMain.js:11:2070)
    at c.fire (/home/rie/.vscode-server/bin/ee2b180d582a7f601fa6ecfdad8d9fd269ab1884/out/vs/platform/terminal/node/ptyHostMain.js:11:1708)
    at process.T (/home/rie/.vscode-server/bin/ee2b180d582a7f601fa6ecfdad8d9fd269ab1884/out/vs/platform/terminal/node/ptyHostMain.js:9:20949)
    at process.emit (node:events:526:28)
    at emit (node:internal/child_process:938:14)
    at processTicksAndRejections (node:internal/process/task_queues:84:21)
