2023-05-11 09:22:30.062 [info] Experiment 'pythonPromptNewFormatterExt' is active
2023-05-11 09:22:30.062 [info] Experiment 'pythonPromptNewToolsExt' is active
2023-05-11 09:22:30.062 [info] Test server listening.
2023-05-11 09:22:30.063 [info] Python interpreter path: /bin/python3
2023-05-11 09:22:30.314 [warning] Retry failed, storage update failed for key PYTHON_WORKSPACE_STORAGE_KEYS
2023-05-11 09:22:30.314 [warning] Retry failed, storage update failed for key PYTHON_WORKSPACE_STORAGE_KEYS
2023-05-11 09:22:30.314 [warning] Retry failed, storage update failed for key PYTHON_WORKSPACE_STORAGE_KEYS
2023-05-11 09:22:30.557 [info] > /usr/bin/python3 -I ./.vscode-server/extensions/ms-python.python-2023.8.0/pythonFiles/get_output_via_markers.py ./.vscode-server/extensions/ms-python.python-2023.8.0/pythonFiles/interpreterInfo.py
2023-05-11 09:22:32.474 [info] Starting Pylance language server.
2023-05-11 09:24:56.382 [info] Send text to terminal: /usr/bin/python3 /home/rie/hej.py
2023-05-11 10:21:39.362 [info] Python interpreter path: /usr/bin/python3
2023-05-11 10:21:59.850 [info] Send text to terminal: /usr/bin/python3 /home/rie/sensehat/BinaryClock.py
2023-05-11 10:22:32.032 [info] Send text to terminal: /usr/bin/python3 /home/rie/sensehat/BinaryClock.py
2023-05-11 10:26:08.058 [info] Send text to terminal: /usr/bin/python3 /home/rie/sensehat/BinaryClock.py
2023-05-11 10:27:00.699 [info] Send text to terminal: /usr/bin/python3 /home/rie/sensehat/BinaryClock.py
2023-05-11 10:45:00.126 [info] Send text to terminal: /usr/bin/python3 /home/rie/sensehat/BinaryClock6Rows.py
2023-05-11 10:50:26.183 [info] Send text to terminal: /usr/bin/python3 /home/rie/sensehat/BinaryClock6coloumns4rows.py
2023-05-11 10:55:07.659 [info] Send text to terminal: /usr/bin/python3 /home/rie/sensehat/BinaryClock6coloumns4rows.py
2023-05-11 11:15:30.679 [info] Send text to terminal: /usr/bin/python3 /home/rie/sensehat/BinaryClockDecimal.py
2023-05-11 11:17:13.551 [info] Send text to terminal: /usr/bin/python3 /home/rie/sensehat/BinaryClockDecimal.py
2023-05-11 11:18:07.507 [info] Send text to terminal: /usr/bin/python3 /home/rie/sensehat/BinaryClockDecimal.py
2023-05-11 11:19:04.491 [info] Send text to terminal: /usr/bin/python3 /home/rie/sensehat/BinaryClockDecimal.py
2023-05-11 11:44:44.023 [info] Send text to terminal: /usr/bin/python3 /home/rie/sensehat/BinaryClockDecimal.py
2023-05-11 11:47:08.240 [info] Send text to terminal: /usr/bin/python3 /home/rie/sensehat/BinaryClockDecimal.py
2023-05-11 12:43:55.041 [info] Send text to terminal: /usr/bin/python3 /home/rie/sensehat/BinaryClock_6Row4Col_12HourVers.py
2023-05-11 12:45:06.888 [info] Send text to terminal: /usr/bin/python3 /home/rie/sensehat/BinaryClock_6Row4Col_12HourVers.py
2023-05-11 12:46:05.920 [info] Send text to terminal: /usr/bin/python3 /home/rie/sensehat/BinaryClock_6Row4Col_12HourVers.py
2023-05-11 12:46:58.078 [info] Send text to terminal: /usr/bin/python3 /home/rie/sensehat/BinaryClock_6Row4Col_12HourVers.py
2023-05-11 12:47:09.756 [info] Send text to terminal: /usr/bin/python3 /home/rie/sensehat/BinaryClock_6Row4Col_12HourVers.py
2023-05-11 12:48:10.349 [info] Send text to terminal: /usr/bin/python3 /home/rie/sensehat/BinaryClock_6Row4Col_12HourVers.py
2023-05-11 12:52:16.685 [info] Send text to terminal: /usr/bin/python3 /home/rie/sensehat/BinaryClock_6Row4Col_12HourVers.py
2023-05-11 12:52:51.526 [info] Send text to terminal: /usr/bin/python3 /home/rie/sensehat/BinaryClock_6Row4Col_12HourVers.py
2023-05-11 12:53:03.931 [info] Send text to terminal: /usr/bin/python3 /home/rie/sensehat/BinaryClock_6Row4Col_12HourVers.py
2023-05-11 12:54:33.761 [info] Send text to terminal: /usr/bin/python3 /home/rie/sensehat/BinaryClock_6Row4Col_12HourVers.py
2023-05-11 12:55:07.388 [info] Send text to terminal: /usr/bin/python3 /home/rie/sensehat/BinaryClock_6Row4Col_12HourVers.py
2023-05-11 12:55:42.416 [info] Send text to terminal: /usr/bin/python3 /home/rie/sensehat/BinaryClock_6Row4Col_12HourVers.py
2023-05-11 12:58:30.639 [info] Send text to terminal: /usr/bin/python3 /home/rie/sensehat/BinaryClock_6Row4Col_12HourVers.py
2023-05-11 12:59:17.269 [info] Send text to terminal: /usr/bin/python3 /home/rie/sensehat/BinaryClock_6Row4Col_12HourVers.py
2023-05-11 13:00:36.979 [info] Send text to terminal: /usr/bin/python3 /home/rie/sensehat/BinaryClock_6Row4Col_12HourVers.py
2023-05-11 13:01:51.924 [info] Send text to terminal: /usr/bin/python3 /home/rie/sensehat/BinaryClock_6Row4Col_12HourVers.py
2023-05-11 13:02:01.044 [info] Send text to terminal: /usr/bin/python3 /home/rie/sensehat/BinaryClock_6Row4Col_12HourVers.py
2023-05-11 13:04:21.653 [info] Send text to terminal: /usr/bin/python3 /home/rie/sensehat/BinaryClock_6Row4Col_12HourVers.py
2023-05-11 13:26:48.343 [info] Send text to terminal: /usr/bin/python3 /home/rie/sensehat/BinaryClock.py
2023-05-11 13:27:54.359 [info] Send text to terminal: /usr/bin/python3 /home/rie/sensehat/BinaryClock.py
2023-05-11 13:37:39.590 [info] Send text to terminal: /usr/bin/python3 /home/rie/sensehat/BinaryClock.py
2023-05-11 13:44:58.007 [info] Send text to terminal: /usr/bin/python3 /home/rie/sensehat/BinaryClock_3Row8Col_12HourVers.py
2023-05-11 13:45:33.786 [info] Send text to terminal: /usr/bin/python3 /home/rie/sensehat/BinaryClock_3Row8Col_12HourVers.py
2023-05-11 14:01:27.017 [info] Send text to terminal: /usr/bin/python3 /home/rie/sensehat/BinaryClock.py
